2022-11-10 11:36:21,156 [Worker-6: Loading available Gradle versions] INFO  o.e.b.c.i.u.g.PublishedGradleVersions - Gradle version information cache is up-to-date. Trying to read.
2022-11-24 22:31:10,817 [Worker-5: Loading available Gradle versions] INFO  o.e.b.c.i.u.g.PublishedGradleVersions - Gradle version information cache is out-of-date. Trying to update.
2022-11-24 22:45:26,726 [Worker-6: Loading available Gradle versions] INFO  o.e.b.c.i.u.g.PublishedGradleVersions - Gradle version information cache is up-to-date. Trying to read.
2022-11-25 22:20:30,761 [Worker-2: Loading available Gradle versions] INFO  o.e.b.c.i.u.g.PublishedGradleVersions - Gradle version information cache is up-to-date. Trying to read.
2022-11-28 13:46:09,672 [Worker-4: Loading available Gradle versions] INFO  o.e.b.c.i.u.g.PublishedGradleVersions - Gradle version information cache is out-of-date. Trying to update.
2022-11-28 14:11:42,884 [Worker-22: Enabling Maven Dependency Management] INFO  o.e.m.c.i.l.LifecycleMappingFactory - Using org.eclipse.m2e.jdt.JarLifecycleMapping lifecycle mapping for MavenProject: Morpion:Morpion:0.0.1-SNAPSHOT @ C:\Users\mathi\OneDrive\Bureau\EPSI\INTEGRATION CONTINUE\Projet_Groupe\Morpion\pom.xml.
2022-11-28 14:11:48,353 [Worker-27: Building] WARN  o.e.m.c.i.embedder.EclipseLogger - Using platform encoding (UTF-8 actually) to copy filtered resources, i.e. build is platform dependent!
2022-11-28 14:11:48,356 [Worker-27: Building] INFO  o.e.m.c.i.embedder.EclipseLogger - skip non existing resourceDirectory C:\Users\mathi\OneDrive\Bureau\EPSI\INTEGRATION CONTINUE\Projet_Groupe\Morpion\src\main\resources
2022-11-28 14:11:48,364 [Worker-27: Building] WARN  o.e.m.c.i.embedder.EclipseLogger - Using platform encoding (UTF-8 actually) to copy filtered resources, i.e. build is platform dependent!
2022-11-28 14:11:48,366 [Worker-27: Building] INFO  o.e.m.c.i.embedder.EclipseLogger - skip non existing resourceDirectory C:\Users\mathi\OneDrive\Bureau\EPSI\INTEGRATION CONTINUE\Projet_Groupe\Morpion\src\test\resources
2022-11-28 14:11:49,037 [Worker-22: Enabling Maven Dependency Management] INFO  o.e.m.j.i.AbstractJavaProjectConfigurator - Adding source folder /Morpion/src
2022-11-28 14:11:49,041 [Worker-22: Enabling Maven Dependency Management] INFO  o.e.m.j.i.AbstractJavaProjectConfigurator - Not adding source folder /Morpion/src/test/java because it overlaps with /Morpion/src
2022-11-28 14:11:49,510 [Worker-22: Enabling Maven Dependency Management] INFO  o.e.m.c.i.p.ProjectConfigurationManager - Update started
2022-11-28 14:11:50,143 [Worker-22: Enabling Maven Dependency Management] INFO  o.e.m.c.i.l.LifecycleMappingFactory - Using org.eclipse.m2e.jdt.JarLifecycleMapping lifecycle mapping for MavenProject: Morpion:Morpion:0.0.1-SNAPSHOT @ C:\Users\mathi\OneDrive\Bureau\EPSI\INTEGRATION CONTINUE\Projet_Groupe\Morpion\pom.xml.
2022-11-28 14:11:53,107 [Worker-22: Enabling Maven Dependency Management] INFO  o.e.m.j.i.AbstractJavaProjectConfigurator - Adding source folder /Morpion/src
2022-11-28 14:11:53,109 [Worker-22: Enabling Maven Dependency Management] INFO  o.e.m.j.i.AbstractJavaProjectConfigurator - Not adding source folder /Morpion/src/test/java because it overlaps with /Morpion/src
2022-11-28 14:11:53,158 [Worker-22: Enabling Maven Dependency Management] INFO  o.e.m.c.i.p.ProjectConfigurationManager - Update completed: 3 sec
2022-11-28 14:11:53,318 [Worker-26: Building] WARN  o.e.m.c.i.embedder.EclipseLogger - Using platform encoding (UTF-8 actually) to copy filtered resources, i.e. build is platform dependent!
2022-11-28 14:11:53,319 [Worker-26: Building] INFO  o.e.m.c.i.embedder.EclipseLogger - skip non existing resourceDirectory C:\Users\mathi\OneDrive\Bureau\EPSI\INTEGRATION CONTINUE\Projet_Groupe\Morpion\src\main\resources
2022-11-28 14:11:53,322 [Worker-26: Building] WARN  o.e.m.c.i.embedder.EclipseLogger - Using platform encoding (UTF-8 actually) to copy filtered resources, i.e. build is platform dependent!
2022-11-28 14:11:53,323 [Worker-26: Building] INFO  o.e.m.c.i.embedder.EclipseLogger - skip non existing resourceDirectory C:\Users\mathi\OneDrive\Bureau\EPSI\INTEGRATION CONTINUE\Projet_Groupe\Morpion\src\test\resources
